tracker/build/intermediates/manifest_merge_blame_file/debug/manifest-merger-blame-debug-report.txt
1<?xml version="1.0" encoding="utf-8"?>
2<manifest xmlns:android="http://schemas.android.com/apk/res/android"
3    xmlns:tools="http://schemas.android.com/tools"
4    package="com.lw.sdk"
5    android:versionCode="10101"
6    android:versionName="1.1.1" > <!-- added suppression for timber since 4.1.2 has minsdk 15 because google doesn't show it in the dashboard -->
7    <uses-sdk
7-->src/main/AndroidManifest.xml:7:5-51
8        android:minSdkVersion="14"
8-->src/main/AndroidManifest.xml:7:5-51
9        android:targetSdkVersion="28"
9-->src/main/AndroidManifest.xml:7:5-51
10        tools:overrideLibrary="timber.log" />
10-->src/main/AndroidManifest.xml:7:15-49
11
12    <uses-permission android:name="android.permission.INTERNET" />
12-->src/main/AndroidManifest.xml:9:5-66
12-->src/main/AndroidManifest.xml:9:22-64
13    <uses-permission android:name="android.permission.ACCESS_NETWORK_STATE" />
13-->src/main/AndroidManifest.xml:10:5-78
13-->src/main/AndroidManifest.xml:10:22-76
14
15    <application>
15-->src/main/AndroidManifest.xml:12:5-22:19
16
17        <!-- Suppress warning about unrestricted access to this receiver this is need to check which app store installed the app -->
18        <receiver
18-->src/main/AndroidManifest.xml:14:9-21:20
19            android:name="com.lw.sdk.extra.InstallReferrerReceiver"
19-->src/main/AndroidManifest.xml:15:13-68
20            android:exported="true"
20-->src/main/AndroidManifest.xml:16:13-36
21            tools:ignore="ExportedReceiver" >
21-->src/main/AndroidManifest.xml:17:13-44
22            <intent-filter>
22-->src/main/AndroidManifest.xml:18:13-20:29
23                <action android:name="com.android.vending.INSTALL_REFERRER" />
23-->src/main/AndroidManifest.xml:19:17-78
23-->src/main/AndroidManifest.xml:19:25-76
24            </intent-filter>
25        </receiver>
26    </application>
27
28</manifest>